&{1 [0 1 4] [type:FaultCrash name:"GetSupportedCurrenciesRequest"  type:FaultCrash name:"CurrencyConversionRequest"  type:FaultCrash name:"AdRequest" ]} Get http://localhost: EOF
&{1 [0 1 2 4] [type:FaultCrash name:"CurrencyConversionRequest"  type:FaultCrash name:"GetSupportedCurrenciesRequest"  type:FaultCrash name:"ListProductsRequest"  type:FaultCrash name:"AdRequest" ]} Get http://localhost: EOF
&{1 [0 1 3 4] [type:FaultCrash name:"GetSupportedCurrenciesRequest"  type:FaultCrash name:"CurrencyConversionRequest"  type:FaultCrash name:"GetCartRequest"  type:FaultCrash name:"AdRequest" ]} Get http://localhost: EOF
&{1 [0 1 4 5] [type:FaultCrash name:"GetSupportedCurrenciesRequest"  type:FaultCrash name:"CurrencyConversionRequest"  type:FaultCrash name:"AdRequest"  type:FaultCrash name:"5" ]} Get http://localhost: EOF
&{1 [0 1 4 7] [type:FaultCrash name:"GetSupportedCurrenciesRequest"  type:FaultCrash name:"CurrencyConversionRequest"  type:FaultCrash name:"AdRequest"  type:FaultCrash name:"7" ]} Get http://localhost: EOF
&{1 [0 1 4 8] [type:FaultCrash name:"GetSupportedCurrenciesRequest"  type:FaultCrash name:"CurrencyConversionRequest"  type:FaultCrash name:"AdRequest"  type:FaultCrash name:"8" ]} Get http://localhost: EOF
&{1 [0 1 4 6] [type:FaultCrash name:"GetSupportedCurrenciesRequest"  type:FaultCrash name:"CurrencyConversionRequest"  type:FaultCrash name:"AdRequest"  type:FaultCrash name:"6" ]} Get http://localhost: EOF
&{1 [0 1 4 9] [type:FaultCrash name:"GetSupportedCurrenciesRequest"  type:FaultCrash name:"CurrencyConversionRequest"  type:FaultCrash name:"AdRequest"  type:FaultCrash name:"9" ]} Get http://localhost: EOF
&{1 [0 1 2 3 4] [type:FaultCrash name:"GetSupportedCurrenciesRequest"  type:FaultCrash name:"CurrencyConversionRequest"  type:FaultCrash name:"ListProductsRequest"  type:FaultCrash name:"GetCartRequest"  type:FaultCrash name:"AdRequest" ]} Get http://localhost: EOF
&{1 [0 1 2 4 8] [type:FaultCrash name:"GetSupportedCurrenciesRequest"  type:FaultCrash name:"CurrencyConversionRequest"  type:FaultCrash name:"ListProductsRequest"  type:FaultCrash name:"AdRequest"  type:FaultCrash name:"8" ]} Get http://localhost: EOF
&{1 [0 1 2 4 6] [type:FaultCrash name:"GetSupportedCurrenciesRequest"  type:FaultCrash name:"CurrencyConversionRequest"  type:FaultCrash name:"ListProductsRequest"  type:FaultCrash name:"AdRequest"  type:FaultCrash name:"6" ]} Get http://localhost: EOF
&{1 [0 1 2 4 7] [type:FaultCrash name:"CurrencyConversionRequest"  type:FaultCrash name:"GetSupportedCurrenciesRequest"  type:FaultCrash name:"ListProductsRequest"  type:FaultCrash name:"AdRequest"  type:FaultCrash name:"7" ]} Get http://localhost: EOF
&{1 [0 1 2 4 5] [type:FaultCrash name:"GetSupportedCurrenciesRequest"  type:FaultCrash name:"CurrencyConversionRequest"  type:FaultCrash name:"ListProductsRequest"  type:FaultCrash name:"AdRequest"  type:FaultCrash name:"5" ]} Get http://localhost: EOF
&{1 [0 1 2 4 9] [type:FaultCrash name:"CurrencyConversionRequest"  type:FaultCrash name:"GetSupportedCurrenciesRequest"  type:FaultCrash name:"ListProductsRequest"  type:FaultCrash name:"AdRequest"  type:FaultCrash name:"9" ]} Get http://localhost: EOF
&{1 [0 1 3 4 6] [type:FaultCrash name:"GetSupportedCurrenciesRequest"  type:FaultCrash name:"CurrencyConversionRequest"  type:FaultCrash name:"GetCartRequest"  type:FaultCrash name:"AdRequest"  type:FaultCrash name:"6" ]} Get http://localhost: EOF
&{1 [0 1 3 4 5] [type:FaultCrash name:"GetSupportedCurrenciesRequest"  type:FaultCrash name:"CurrencyConversionRequest"  type:FaultCrash name:"GetCartRequest"  type:FaultCrash name:"AdRequest"  type:FaultCrash name:"5" ]} Get http://localhost: EOF
&{1 [0 1 3 4 7] [type:FaultCrash name:"GetSupportedCurrenciesRequest"  type:FaultCrash name:"CurrencyConversionRequest"  type:FaultCrash name:"GetCartRequest"  type:FaultCrash name:"AdRequest"  type:FaultCrash name:"7" ]} Get http://localhost: EOF
&{1 [0 1 3 4 8] [type:FaultCrash name:"GetSupportedCurrenciesRequest"  type:FaultCrash name:"CurrencyConversionRequest"  type:FaultCrash name:"GetCartRequest"  type:FaultCrash name:"AdRequest"  type:FaultCrash name:"8" ]} Get http://localhost: EOF
&{1 [0 1 3 4 9] [type:FaultCrash name:"GetSupportedCurrenciesRequest"  type:FaultCrash name:"CurrencyConversionRequest"  type:FaultCrash name:"GetCartRequest"  type:FaultCrash name:"AdRequest"  type:FaultCrash name:"9" ]} Get http://localhost: EOF
&{1 [0 1 4 5 9] [type:FaultCrash name:"GetSupportedCurrenciesRequest"  type:FaultCrash name:"CurrencyConversionRequest"  type:FaultCrash name:"AdRequest"  type:FaultCrash name:"5"  type:FaultCrash name:"9" ]} Get http://localhost: EOF
&{1 [0 1 4 5 6] [type:FaultCrash name:"GetSupportedCurrenciesRequest"  type:FaultCrash name:"CurrencyConversionRequest"  type:FaultCrash name:"AdRequest"  type:FaultCrash name:"5"  type:FaultCrash name:"6" ]} Get http://localhost: EOF
&{1 [0 1 4 5 8] [type:FaultCrash name:"GetSupportedCurrenciesRequest"  type:FaultCrash name:"CurrencyConversionRequest"  type:FaultCrash name:"AdRequest"  type:FaultCrash name:"5"  type:FaultCrash name:"8" ]} Get http://localhost: EOF
&{1 [0 1 4 5 7] [type:FaultCrash name:"GetSupportedCurrenciesRequest"  type:FaultCrash name:"CurrencyConversionRequest"  type:FaultCrash name:"AdRequest"  type:FaultCrash name:"5"  type:FaultCrash name:"7" ]} Get http://localhost: EOF
&{1 [0 1 4 6 7] [type:FaultCrash name:"GetSupportedCurrenciesRequest"  type:FaultCrash name:"CurrencyConversionRequest"  type:FaultCrash name:"AdRequest"  type:FaultCrash name:"6"  type:FaultCrash name:"7" ]} Get http://localhost: EOF
&{1 [0 1 4 6 9] [type:FaultCrash name:"GetSupportedCurrenciesRequest"  type:FaultCrash name:"CurrencyConversionRequest"  type:FaultCrash name:"AdRequest"  type:FaultCrash name:"6"  type:FaultCrash name:"9" ]} Get http://localhost: EOF
&{1 [0 1 4 7 8] [type:FaultCrash name:"GetSupportedCurrenciesRequest"  type:FaultCrash name:"CurrencyConversionRequest"  type:FaultCrash name:"AdRequest"  type:FaultCrash name:"7"  type:FaultCrash name:"8" ]} Get http://localhost: EOF
&{1 [0 1 4 6 8] [type:FaultCrash name:"GetSupportedCurrenciesRequest"  type:FaultCrash name:"CurrencyConversionRequest"  type:FaultCrash name:"AdRequest"  type:FaultCrash name:"6"  type:FaultCrash name:"8" ]} Get http://localhost: EOF
&{1 [0 1 4 7 9] [type:FaultCrash name:"GetSupportedCurrenciesRequest"  type:FaultCrash name:"CurrencyConversionRequest"  type:FaultCrash name:"AdRequest"  type:FaultCrash name:"7"  type:FaultCrash name:"9" ]} Get http://localhost: EOF
&{1 [0 1 4 8 9] [type:FaultCrash name:"GetSupportedCurrenciesRequest"  type:FaultCrash name:"CurrencyConversionRequest"  type:FaultCrash name:"AdRequest"  type:FaultCrash name:"8"  type:FaultCrash name:"9" ]} Get http://localhost: EOF
&{1 [0 1 2 3 4 6] [type:FaultCrash name:"GetSupportedCurrenciesRequest"  type:FaultCrash name:"CurrencyConversionRequest"  type:FaultCrash name:"ListProductsRequest"  type:FaultCrash name:"GetCartRequest"  type:FaultCrash name:"AdRequest"  type:FaultCrash name:"6" ]} Get http://localhost: EOF
&{1 [0 1 2 3 4 7] [type:FaultCrash name:"GetSupportedCurrenciesRequest"  type:FaultCrash name:"CurrencyConversionRequest"  type:FaultCrash name:"ListProductsRequest"  type:FaultCrash name:"GetCartRequest"  type:FaultCrash name:"AdRequest"  type:FaultCrash name:"7" ]} Get http://localhost: EOF
&{1 [0 1 2 3 4 5] [type:FaultCrash name:"GetSupportedCurrenciesRequest"  type:FaultCrash name:"CurrencyConversionRequest"  type:FaultCrash name:"ListProductsRequest"  type:FaultCrash name:"GetCartRequest"  type:FaultCrash name:"AdRequest"  type:FaultCrash name:"5" ]} Get http://localhost: EOF
&{1 [0 1 2 3 4 8] [type:FaultCrash name:"GetSupportedCurrenciesRequest"  type:FaultCrash name:"CurrencyConversionRequest"  type:FaultCrash name:"ListProductsRequest"  type:FaultCrash name:"GetCartRequest"  type:FaultCrash name:"AdRequest"  type:FaultCrash name:"8" ]} Get http://localhost: EOF
&{1 [0 1 2 3 4 9] [type:FaultCrash name:"GetSupportedCurrenciesRequest"  type:FaultCrash name:"CurrencyConversionRequest"  type:FaultCrash name:"ListProductsRequest"  type:FaultCrash name:"GetCartRequest"  type:FaultCrash name:"AdRequest"  type:FaultCrash name:"9" ]} Get http://localhost: EOF
&{1 [0 1 2 4 5 6] [type:FaultCrash name:"GetSupportedCurrenciesRequest"  type:FaultCrash name:"CurrencyConversionRequest"  type:FaultCrash name:"ListProductsRequest"  type:FaultCrash name:"AdRequest"  type:FaultCrash name:"5"  type:FaultCrash name:"6" ]} Get http://localhost: EOF
&{1 [0 1 2 4 5 7] [type:FaultCrash name:"GetSupportedCurrenciesRequest"  type:FaultCrash name:"CurrencyConversionRequest"  type:FaultCrash name:"ListProductsRequest"  type:FaultCrash name:"AdRequest"  type:FaultCrash name:"5"  type:FaultCrash name:"7" ]} Get http://localhost: EOF
&{1 [0 1 2 4 6 8] [type:FaultCrash name:"CurrencyConversionRequest"  type:FaultCrash name:"GetSupportedCurrenciesRequest"  type:FaultCrash name:"ListProductsRequest"  type:FaultCrash name:"AdRequest"  type:FaultCrash name:"6"  type:FaultCrash name:"8" ]} Get http://localhost: EOF
&{1 [0 1 2 4 6 7] [type:FaultCrash name:"GetSupportedCurrenciesRequest"  type:FaultCrash name:"CurrencyConversionRequest"  type:FaultCrash name:"ListProductsRequest"  type:FaultCrash name:"AdRequest"  type:FaultCrash name:"6"  type:FaultCrash name:"7" ]} Get http://localhost: EOF
&{1 [0 1 2 4 5 8] [type:FaultCrash name:"GetSupportedCurrenciesRequest"  type:FaultCrash name:"CurrencyConversionRequest"  type:FaultCrash name:"ListProductsRequest"  type:FaultCrash name:"AdRequest"  type:FaultCrash name:"5"  type:FaultCrash name:"8" ]} Get http://localhost: EOF
&{1 [0 1 2 4 5 9] [type:FaultCrash name:"GetSupportedCurrenciesRequest"  type:FaultCrash name:"CurrencyConversionRequest"  type:FaultCrash name:"ListProductsRequest"  type:FaultCrash name:"AdRequest"  type:FaultCrash name:"5"  type:FaultCrash name:"9" ]} Get http://localhost: EOF
&{1 [0 1 2 4 7 8] [type:FaultCrash name:"CurrencyConversionRequest"  type:FaultCrash name:"GetSupportedCurrenciesRequest"  type:FaultCrash name:"ListProductsRequest"  type:FaultCrash name:"AdRequest"  type:FaultCrash name:"7"  type:FaultCrash name:"8" ]} Get http://localhost: EOF
&{1 [0 1 2 4 6 9] [type:FaultCrash name:"GetSupportedCurrenciesRequest"  type:FaultCrash name:"CurrencyConversionRequest"  type:FaultCrash name:"ListProductsRequest"  type:FaultCrash name:"AdRequest"  type:FaultCrash name:"6"  type:FaultCrash name:"9" ]} Get http://localhost: EOF
&{1 [0 1 2 4 7 9] [type:FaultCrash name:"GetSupportedCurrenciesRequest"  type:FaultCrash name:"CurrencyConversionRequest"  type:FaultCrash name:"ListProductsRequest"  type:FaultCrash name:"AdRequest"  type:FaultCrash name:"7"  type:FaultCrash name:"9" ]} Get http://localhost: EOF
&{1 [0 1 2 4 8 9] [type:FaultCrash name:"GetSupportedCurrenciesRequest"  type:FaultCrash name:"CurrencyConversionRequest"  type:FaultCrash name:"ListProductsRequest"  type:FaultCrash name:"AdRequest"  type:FaultCrash name:"8"  type:FaultCrash name:"9" ]} Get http://localhost: EOF
&{1 [0 1 3 4 5 6] [type:FaultCrash name:"GetSupportedCurrenciesRequest"  type:FaultCrash name:"CurrencyConversionRequest"  type:FaultCrash name:"GetCartRequest"  type:FaultCrash name:"AdRequest"  type:FaultCrash name:"5"  type:FaultCrash name:"6" ]} Get http://localhost: EOF
&{1 [0 1 3 4 5 7] [type:FaultCrash name:"GetSupportedCurrenciesRequest"  type:FaultCrash name:"CurrencyConversionRequest"  type:FaultCrash name:"GetCartRequest"  type:FaultCrash name:"AdRequest"  type:FaultCrash name:"5"  type:FaultCrash name:"7" ]} Get http://localhost: EOF
&{1 [0 1 3 4 5 8] [type:FaultCrash name:"GetSupportedCurrenciesRequest"  type:FaultCrash name:"CurrencyConversionRequest"  type:FaultCrash name:"GetCartRequest"  type:FaultCrash name:"AdRequest"  type:FaultCrash name:"5"  type:FaultCrash name:"8" ]} Get http://localhost: EOF
&{1 [0 1 3 4 6 7] [type:FaultCrash name:"GetSupportedCurrenciesRequest"  type:FaultCrash name:"CurrencyConversionRequest"  type:FaultCrash name:"GetCartRequest"  type:FaultCrash name:"AdRequest"  type:FaultCrash name:"6"  type:FaultCrash name:"7" ]} Get http://localhost: EOF
&{1 [0 1 3 4 6 8] [type:FaultCrash name:"GetSupportedCurrenciesRequest"  type:FaultCrash name:"CurrencyConversionRequest"  type:FaultCrash name:"GetCartRequest"  type:FaultCrash name:"AdRequest"  type:FaultCrash name:"6"  type:FaultCrash name:"8" ]} Get http://localhost: EOF
&{1 [0 1 3 4 5 9] [type:FaultCrash name:"GetSupportedCurrenciesRequest"  type:FaultCrash name:"CurrencyConversionRequest"  type:FaultCrash name:"GetCartRequest"  type:FaultCrash name:"AdRequest"  type:FaultCrash name:"5"  type:FaultCrash name:"9" ]} Get http://localhost: EOF
&{1 [0 1 3 4 6 9] [type:FaultCrash name:"GetSupportedCurrenciesRequest"  type:FaultCrash name:"CurrencyConversionRequest"  type:FaultCrash name:"GetCartRequest"  type:FaultCrash name:"AdRequest"  type:FaultCrash name:"6"  type:FaultCrash name:"9" ]} Get http://localhost: EOF
&{1 [0 1 3 4 8 9] [type:FaultCrash name:"CurrencyConversionRequest"  type:FaultCrash name:"GetSupportedCurrenciesRequest"  type:FaultCrash name:"GetCartRequest"  type:FaultCrash name:"AdRequest"  type:FaultCrash name:"8"  type:FaultCrash name:"9" ]} Get http://localhost: EOF
&{1 [0 1 3 4 7 8] [type:FaultCrash name:"GetSupportedCurrenciesRequest"  type:FaultCrash name:"CurrencyConversionRequest"  type:FaultCrash name:"GetCartRequest"  type:FaultCrash name:"AdRequest"  type:FaultCrash name:"7"  type:FaultCrash name:"8" ]} Get http://localhost: EOF
&{1 [0 1 3 4 7 9] [type:FaultCrash name:"GetSupportedCurrenciesRequest"  type:FaultCrash name:"CurrencyConversionRequest"  type:FaultCrash name:"GetCartRequest"  type:FaultCrash name:"AdRequest"  type:FaultCrash name:"7"  type:FaultCrash name:"9" ]} Get http://localhost: EOF
&{1 [0 1 4 5 6 9] [type:FaultCrash name:"GetSupportedCurrenciesRequest"  type:FaultCrash name:"CurrencyConversionRequest"  type:FaultCrash name:"AdRequest"  type:FaultCrash name:"5"  type:FaultCrash name:"6"  type:FaultCrash name:"9" ]} Get http://localhost: EOF
&{1 [0 1 4 5 6 7] [type:FaultCrash name:"GetSupportedCurrenciesRequest"  type:FaultCrash name:"CurrencyConversionRequest"  type:FaultCrash name:"AdRequest"  type:FaultCrash name:"5"  type:FaultCrash name:"6"  type:FaultCrash name:"7" ]} Get http://localhost: EOF
&{1 [0 1 4 5 6 8] [type:FaultCrash name:"GetSupportedCurrenciesRequest"  type:FaultCrash name:"CurrencyConversionRequest"  type:FaultCrash name:"AdRequest"  type:FaultCrash name:"5"  type:FaultCrash name:"6"  type:FaultCrash name:"8" ]} Get http://localhost: EOF
&{1 [0 1 4 5 7 8] [type:FaultCrash name:"GetSupportedCurrenciesRequest"  type:FaultCrash name:"CurrencyConversionRequest"  type:FaultCrash name:"AdRequest"  type:FaultCrash name:"5"  type:FaultCrash name:"7"  type:FaultCrash name:"8" ]} Get http://localhost: EOF
&{1 [0 1 4 5 8 9] [type:FaultCrash name:"GetSupportedCurrenciesRequest"  type:FaultCrash name:"CurrencyConversionRequest"  type:FaultCrash name:"AdRequest"  type:FaultCrash name:"5"  type:FaultCrash name:"8"  type:FaultCrash name:"9" ]} Get http://localhost: EOF
&{1 [0 1 4 6 7 8] [type:FaultCrash name:"GetSupportedCurrenciesRequest"  type:FaultCrash name:"CurrencyConversionRequest"  type:FaultCrash name:"AdRequest"  type:FaultCrash name:"6"  type:FaultCrash name:"7"  type:FaultCrash name:"8" ]} Get http://localhost: EOF
&{1 [0 1 4 5 7 9] [type:FaultCrash name:"GetSupportedCurrenciesRequest"  type:FaultCrash name:"CurrencyConversionRequest"  type:FaultCrash name:"AdRequest"  type:FaultCrash name:"5"  type:FaultCrash name:"7"  type:FaultCrash name:"9" ]} Get http://localhost: EOF
&{1 [0 1 4 6 7 9] [type:FaultCrash name:"CurrencyConversionRequest"  type:FaultCrash name:"GetSupportedCurrenciesRequest"  type:FaultCrash name:"AdRequest"  type:FaultCrash name:"6"  type:FaultCrash name:"7"  type:FaultCrash name:"9" ]} Get http://localhost: EOF
&{1 [0 1 4 7 8 9] [type:FaultCrash name:"GetSupportedCurrenciesRequest"  type:FaultCrash name:"CurrencyConversionRequest"  type:FaultCrash name:"AdRequest"  type:FaultCrash name:"7"  type:FaultCrash name:"8"  type:FaultCrash name:"9" ]} Get http://localhost: EOF
&{1 [0 1 4 6 8 9] [type:FaultCrash name:"GetSupportedCurrenciesRequest"  type:FaultCrash name:"CurrencyConversionRequest"  type:FaultCrash name:"AdRequest"  type:FaultCrash name:"6"  type:FaultCrash name:"8"  type:FaultCrash name:"9" ]} Get http://localhost: EOF
&{1 [0 1 2 3 4 5 7] [type:FaultCrash name:"CurrencyConversionRequest"  type:FaultCrash name:"GetSupportedCurrenciesRequest"  type:FaultCrash name:"ListProductsRequest"  type:FaultCrash name:"GetCartRequest"  type:FaultCrash name:"AdRequest"  type:FaultCrash name:"5"  type:FaultCrash name:"7" ]} Get http://localhost: EOF
&{1 [0 1 2 3 4 5 8] [type:FaultCrash name:"GetSupportedCurrenciesRequest"  type:FaultCrash name:"CurrencyConversionRequest"  type:FaultCrash name:"ListProductsRequest"  type:FaultCrash name:"GetCartRequest"  type:FaultCrash name:"AdRequest"  type:FaultCrash name:"5"  type:FaultCrash name:"8" ]} Get http://localhost: EOF
&{1 [0 1 2 3 4 5 6] [type:FaultCrash name:"GetSupportedCurrenciesRequest"  type:FaultCrash name:"CurrencyConversionRequest"  type:FaultCrash name:"ListProductsRequest"  type:FaultCrash name:"GetCartRequest"  type:FaultCrash name:"AdRequest"  type:FaultCrash name:"5"  type:FaultCrash name:"6" ]} Get http://localhost: EOF
&{1 [0 1 2 3 4 6 7] [type:FaultCrash name:"GetSupportedCurrenciesRequest"  type:FaultCrash name:"CurrencyConversionRequest"  type:FaultCrash name:"ListProductsRequest"  type:FaultCrash name:"GetCartRequest"  type:FaultCrash name:"AdRequest"  type:FaultCrash name:"6"  type:FaultCrash name:"7" ]} Get http://localhost: EOF
&{1 [0 1 2 3 4 6 8] [type:FaultCrash name:"GetSupportedCurrenciesRequest"  type:FaultCrash name:"CurrencyConversionRequest"  type:FaultCrash name:"ListProductsRequest"  type:FaultCrash name:"GetCartRequest"  type:FaultCrash name:"AdRequest"  type:FaultCrash name:"6"  type:FaultCrash name:"8" ]} Get http://localhost: EOF
&{1 [0 1 2 3 4 6 9] [type:FaultCrash name:"GetSupportedCurrenciesRequest"  type:FaultCrash name:"CurrencyConversionRequest"  type:FaultCrash name:"ListProductsRequest"  type:FaultCrash name:"GetCartRequest"  type:FaultCrash name:"AdRequest"  type:FaultCrash name:"6"  type:FaultCrash name:"9" ]} Get http://localhost: EOF
&{1 [0 1 2 3 4 5 9] [type:FaultCrash name:"GetSupportedCurrenciesRequest"  type:FaultCrash name:"CurrencyConversionRequest"  type:FaultCrash name:"ListProductsRequest"  type:FaultCrash name:"GetCartRequest"  type:FaultCrash name:"AdRequest"  type:FaultCrash name:"5"  type:FaultCrash name:"9" ]} Get http://localhost: EOF
&{1 [0 1 2 3 4 8 9] [type:FaultCrash name:"GetSupportedCurrenciesRequest"  type:FaultCrash name:"CurrencyConversionRequest"  type:FaultCrash name:"ListProductsRequest"  type:FaultCrash name:"GetCartRequest"  type:FaultCrash name:"AdRequest"  type:FaultCrash name:"8"  type:FaultCrash name:"9" ]} Get http://localhost: EOF
&{1 [0 1 2 3 4 7 8] [type:FaultCrash name:"GetSupportedCurrenciesRequest"  type:FaultCrash name:"CurrencyConversionRequest"  type:FaultCrash name:"ListProductsRequest"  type:FaultCrash name:"GetCartRequest"  type:FaultCrash name:"AdRequest"  type:FaultCrash name:"7"  type:FaultCrash name:"8" ]} Get http://localhost: EOF
&{1 [0 1 2 3 4 7 9] [type:FaultCrash name:"GetSupportedCurrenciesRequest"  type:FaultCrash name:"CurrencyConversionRequest"  type:FaultCrash name:"ListProductsRequest"  type:FaultCrash name:"GetCartRequest"  type:FaultCrash name:"AdRequest"  type:FaultCrash name:"7"  type:FaultCrash name:"9" ]} Get http://localhost: EOF
&{1 [0 1 2 4 5 6 9] [type:FaultCrash name:"GetSupportedCurrenciesRequest"  type:FaultCrash name:"CurrencyConversionRequest"  type:FaultCrash name:"ListProductsRequest"  type:FaultCrash name:"AdRequest"  type:FaultCrash name:"5"  type:FaultCrash name:"6"  type:FaultCrash name:"9" ]} Get http://localhost: EOF
&{1 [0 1 2 4 5 6 8] [type:FaultCrash name:"CurrencyConversionRequest"  type:FaultCrash name:"GetSupportedCurrenciesRequest"  type:FaultCrash name:"ListProductsRequest"  type:FaultCrash name:"AdRequest"  type:FaultCrash name:"5"  type:FaultCrash name:"6"  type:FaultCrash name:"8" ]} Get http://localhost: EOF
&{1 [0 1 2 4 5 6 7] [type:FaultCrash name:"GetSupportedCurrenciesRequest"  type:FaultCrash name:"CurrencyConversionRequest"  type:FaultCrash name:"ListProductsRequest"  type:FaultCrash name:"AdRequest"  type:FaultCrash name:"5"  type:FaultCrash name:"6"  type:FaultCrash name:"7" ]} Get http://localhost: EOF
&{1 [0 1 2 4 5 7 8] [type:FaultCrash name:"GetSupportedCurrenciesRequest"  type:FaultCrash name:"CurrencyConversionRequest"  type:FaultCrash name:"ListProductsRequest"  type:FaultCrash name:"AdRequest"  type:FaultCrash name:"5"  type:FaultCrash name:"7"  type:FaultCrash name:"8" ]} Get http://localhost: EOF
&{1 [0 1 2 4 5 7 9] [type:FaultCrash name:"GetSupportedCurrenciesRequest"  type:FaultCrash name:"CurrencyConversionRequest"  type:FaultCrash name:"ListProductsRequest"  type:FaultCrash name:"AdRequest"  type:FaultCrash name:"5"  type:FaultCrash name:"7"  type:FaultCrash name:"9" ]} Get http://localhost: EOF
&{1 [0 1 2 4 6 7 8] [type:FaultCrash name:"GetSupportedCurrenciesRequest"  type:FaultCrash name:"CurrencyConversionRequest"  type:FaultCrash name:"ListProductsRequest"  type:FaultCrash name:"AdRequest"  type:FaultCrash name:"6"  type:FaultCrash name:"7"  type:FaultCrash name:"8" ]} Get http://localhost: EOF
&{1 [0 1 2 4 5 8 9] [type:FaultCrash name:"CurrencyConversionRequest"  type:FaultCrash name:"GetSupportedCurrenciesRequest"  type:FaultCrash name:"ListProductsRequest"  type:FaultCrash name:"AdRequest"  type:FaultCrash name:"5"  type:FaultCrash name:"8"  type:FaultCrash name:"9" ]} Get http://localhost: EOF
&{1 [0 1 2 4 6 7 9] [type:FaultCrash name:"CurrencyConversionRequest"  type:FaultCrash name:"GetSupportedCurrenciesRequest"  type:FaultCrash name:"ListProductsRequest"  type:FaultCrash name:"AdRequest"  type:FaultCrash name:"6"  type:FaultCrash name:"7"  type:FaultCrash name:"9" ]} Get http://localhost: EOF
&{1 [0 1 2 4 7 8 9] [type:FaultCrash name:"GetSupportedCurrenciesRequest"  type:FaultCrash name:"CurrencyConversionRequest"  type:FaultCrash name:"ListProductsRequest"  type:FaultCrash name:"AdRequest"  type:FaultCrash name:"7"  type:FaultCrash name:"8"  type:FaultCrash name:"9" ]} Get http://localhost: EOF
&{1 [0 1 2 4 6 8 9] [type:FaultCrash name:"GetSupportedCurrenciesRequest"  type:FaultCrash name:"CurrencyConversionRequest"  type:FaultCrash name:"ListProductsRequest"  type:FaultCrash name:"AdRequest"  type:FaultCrash name:"6"  type:FaultCrash name:"8"  type:FaultCrash name:"9" ]} Get http://localhost: EOF
&{1 [0 1 3 4 5 7 8] [type:FaultCrash name:"GetSupportedCurrenciesRequest"  type:FaultCrash name:"CurrencyConversionRequest"  type:FaultCrash name:"GetCartRequest"  type:FaultCrash name:"AdRequest"  type:FaultCrash name:"5"  type:FaultCrash name:"7"  type:FaultCrash name:"8" ]} Get http://localhost: EOF
&{1 [0 1 3 4 5 6 8] [type:FaultCrash name:"GetSupportedCurrenciesRequest"  type:FaultCrash name:"CurrencyConversionRequest"  type:FaultCrash name:"GetCartRequest"  type:FaultCrash name:"AdRequest"  type:FaultCrash name:"5"  type:FaultCrash name:"6"  type:FaultCrash name:"8" ]} Get http://localhost: EOF
&{1 [0 1 3 4 5 7 9] [type:FaultCrash name:"GetSupportedCurrenciesRequest"  type:FaultCrash name:"CurrencyConversionRequest"  type:FaultCrash name:"GetCartRequest"  type:FaultCrash name:"AdRequest"  type:FaultCrash name:"5"  type:FaultCrash name:"7"  type:FaultCrash name:"9" ]} Get http://localhost: EOF
&{1 [0 1 3 4 5 6 7] [type:FaultCrash name:"GetSupportedCurrenciesRequest"  type:FaultCrash name:"CurrencyConversionRequest"  type:FaultCrash name:"GetCartRequest"  type:FaultCrash name:"AdRequest"  type:FaultCrash name:"5"  type:FaultCrash name:"6"  type:FaultCrash name:"7" ]} Get http://localhost: EOF
&{1 [0 1 3 4 6 7 8] [type:FaultCrash name:"GetSupportedCurrenciesRequest"  type:FaultCrash name:"CurrencyConversionRequest"  type:FaultCrash name:"GetCartRequest"  type:FaultCrash name:"AdRequest"  type:FaultCrash name:"6"  type:FaultCrash name:"7"  type:FaultCrash name:"8" ]} Get http://localhost: EOF
&{1 [0 1 3 4 6 8 9] [type:FaultCrash name:"GetSupportedCurrenciesRequest"  type:FaultCrash name:"CurrencyConversionRequest"  type:FaultCrash name:"GetCartRequest"  type:FaultCrash name:"AdRequest"  type:FaultCrash name:"6"  type:FaultCrash name:"8"  type:FaultCrash name:"9" ]} Get http://localhost: EOF
&{1 [0 1 3 4 5 6 9] [type:FaultCrash name:"GetSupportedCurrenciesRequest"  type:FaultCrash name:"CurrencyConversionRequest"  type:FaultCrash name:"GetCartRequest"  type:FaultCrash name:"AdRequest"  type:FaultCrash name:"5"  type:FaultCrash name:"6"  type:FaultCrash name:"9" ]} Get http://localhost: EOF
&{1 [0 1 3 4 5 8 9] [type:FaultCrash name:"GetSupportedCurrenciesRequest"  type:FaultCrash name:"CurrencyConversionRequest"  type:FaultCrash name:"GetCartRequest"  type:FaultCrash name:"AdRequest"  type:FaultCrash name:"5"  type:FaultCrash name:"8"  type:FaultCrash name:"9" ]} Get http://localhost: EOF
&{1 [0 1 3 4 7 8 9] [type:FaultCrash name:"GetSupportedCurrenciesRequest"  type:FaultCrash name:"CurrencyConversionRequest"  type:FaultCrash name:"GetCartRequest"  type:FaultCrash name:"AdRequest"  type:FaultCrash name:"7"  type:FaultCrash name:"8"  type:FaultCrash name:"9" ]} Get http://localhost: EOF
&{1 [0 1 3 4 6 7 9] [type:FaultCrash name:"GetSupportedCurrenciesRequest"  type:FaultCrash name:"CurrencyConversionRequest"  type:FaultCrash name:"GetCartRequest"  type:FaultCrash name:"AdRequest"  type:FaultCrash name:"6"  type:FaultCrash name:"7"  type:FaultCrash name:"9" ]} Get http://localhost: EOF
&{1 [0 1 4 5 6 8 9] [type:FaultCrash name:"GetSupportedCurrenciesRequest"  type:FaultCrash name:"CurrencyConversionRequest"  type:FaultCrash name:"AdRequest"  type:FaultCrash name:"5"  type:FaultCrash name:"6"  type:FaultCrash name:"8"  type:FaultCrash name:"9" ]} Get http://localhost: EOF
&{1 [0 1 4 5 7 8 9] [type:FaultCrash name:"GetSupportedCurrenciesRequest"  type:FaultCrash name:"CurrencyConversionRequest"  type:FaultCrash name:"AdRequest"  type:FaultCrash name:"5"  type:FaultCrash name:"7"  type:FaultCrash name:"8"  type:FaultCrash name:"9" ]} Get http://localhost: EOF
&{1 [0 1 4 5 6 7 8] [type:FaultCrash name:"GetSupportedCurrenciesRequest"  type:FaultCrash name:"CurrencyConversionRequest"  type:FaultCrash name:"AdRequest"  type:FaultCrash name:"5"  type:FaultCrash name:"6"  type:FaultCrash name:"7"  type:FaultCrash name:"8" ]} Get http://localhost: EOF
&{1 [0 1 4 5 6 7 9] [type:FaultCrash name:"GetSupportedCurrenciesRequest"  type:FaultCrash name:"CurrencyConversionRequest"  type:FaultCrash name:"AdRequest"  type:FaultCrash name:"5"  type:FaultCrash name:"6"  type:FaultCrash name:"7"  type:FaultCrash name:"9" ]} Get http://localhost: EOF
&{1 [0 1 4 6 7 8 9] [type:FaultCrash name:"GetSupportedCurrenciesRequest"  type:FaultCrash name:"CurrencyConversionRequest"  type:FaultCrash name:"AdRequest"  type:FaultCrash name:"6"  type:FaultCrash name:"7"  type:FaultCrash name:"8"  type:FaultCrash name:"9" ]} Get http://localhost: EOF
&{1 [0 1 2 3 4 5 6 8] [type:FaultCrash name:"CurrencyConversionRequest"  type:FaultCrash name:"GetSupportedCurrenciesRequest"  type:FaultCrash name:"ListProductsRequest"  type:FaultCrash name:"GetCartRequest"  type:FaultCrash name:"AdRequest"  type:FaultCrash name:"5"  type:FaultCrash name:"6"  type:FaultCrash name:"8" ]} Get http://localhost: EOF
&{1 [0 1 2 3 4 5 6 7] [type:FaultCrash name:"GetSupportedCurrenciesRequest"  type:FaultCrash name:"CurrencyConversionRequest"  type:FaultCrash name:"ListProductsRequest"  type:FaultCrash name:"GetCartRequest"  type:FaultCrash name:"AdRequest"  type:FaultCrash name:"5"  type:FaultCrash name:"6"  type:FaultCrash name:"7" ]} Get http://localhost: EOF
&{1 [0 1 2 3 4 5 6 9] [type:FaultCrash name:"GetSupportedCurrenciesRequest"  type:FaultCrash name:"CurrencyConversionRequest"  type:FaultCrash name:"ListProductsRequest"  type:FaultCrash name:"GetCartRequest"  type:FaultCrash name:"AdRequest"  type:FaultCrash name:"5"  type:FaultCrash name:"6"  type:FaultCrash name:"9" ]} Get http://localhost: EOF
&{1 [0 1 2 3 4 5 7 9] [type:FaultCrash name:"CurrencyConversionRequest"  type:FaultCrash name:"GetSupportedCurrenciesRequest"  type:FaultCrash name:"ListProductsRequest"  type:FaultCrash name:"GetCartRequest"  type:FaultCrash name:"AdRequest"  type:FaultCrash name:"5"  type:FaultCrash name:"7"  type:FaultCrash name:"9" ]} Get http://localhost: EOF
&{1 [0 1 2 3 4 5 7 8] [type:FaultCrash name:"GetSupportedCurrenciesRequest"  type:FaultCrash name:"CurrencyConversionRequest"  type:FaultCrash name:"ListProductsRequest"  type:FaultCrash name:"GetCartRequest"  type:FaultCrash name:"AdRequest"  type:FaultCrash name:"5"  type:FaultCrash name:"7"  type:FaultCrash name:"8" ]} Get http://localhost: EOF
&{1 [0 1 2 3 4 6 7 8] [type:FaultCrash name:"GetSupportedCurrenciesRequest"  type:FaultCrash name:"CurrencyConversionRequest"  type:FaultCrash name:"ListProductsRequest"  type:FaultCrash name:"GetCartRequest"  type:FaultCrash name:"AdRequest"  type:FaultCrash name:"6"  type:FaultCrash name:"7"  type:FaultCrash name:"8" ]} Get http://localhost: EOF
&{1 [0 1 2 3 4 5 8 9] [type:FaultCrash name:"CurrencyConversionRequest"  type:FaultCrash name:"GetSupportedCurrenciesRequest"  type:FaultCrash name:"ListProductsRequest"  type:FaultCrash name:"GetCartRequest"  type:FaultCrash name:"AdRequest"  type:FaultCrash name:"5"  type:FaultCrash name:"8"  type:FaultCrash name:"9" ]} Get http://localhost: EOF
&{1 [0 1 2 3 4 6 7 9] [type:FaultCrash name:"CurrencyConversionRequest"  type:FaultCrash name:"GetSupportedCurrenciesRequest"  type:FaultCrash name:"ListProductsRequest"  type:FaultCrash name:"GetCartRequest"  type:FaultCrash name:"AdRequest"  type:FaultCrash name:"6"  type:FaultCrash name:"7"  type:FaultCrash name:"9" ]} Get http://localhost: EOF
&{1 [0 1 2 3 4 6 8 9] [type:FaultCrash name:"GetSupportedCurrenciesRequest"  type:FaultCrash name:"CurrencyConversionRequest"  type:FaultCrash name:"ListProductsRequest"  type:FaultCrash name:"GetCartRequest"  type:FaultCrash name:"AdRequest"  type:FaultCrash name:"6"  type:FaultCrash name:"8"  type:FaultCrash name:"9" ]} Get http://localhost: EOF
&{1 [0 1 2 3 4 7 8 9] [type:FaultCrash name:"GetSupportedCurrenciesRequest"  type:FaultCrash name:"CurrencyConversionRequest"  type:FaultCrash name:"ListProductsRequest"  type:FaultCrash name:"GetCartRequest"  type:FaultCrash name:"AdRequest"  type:FaultCrash name:"7"  type:FaultCrash name:"8"  type:FaultCrash name:"9" ]} Get http://localhost: EOF
&{1 [0 1 2 4 5 6 7 8] [type:FaultCrash name:"GetSupportedCurrenciesRequest"  type:FaultCrash name:"CurrencyConversionRequest"  type:FaultCrash name:"ListProductsRequest"  type:FaultCrash name:"AdRequest"  type:FaultCrash name:"5"  type:FaultCrash name:"6"  type:FaultCrash name:"7"  type:FaultCrash name:"8" ]} Get http://localhost: EOF
&{1 [0 1 2 4 6 7 8 9] [type:FaultCrash name:"CurrencyConversionRequest"  type:FaultCrash name:"GetSupportedCurrenciesRequest"  type:FaultCrash name:"ListProductsRequest"  type:FaultCrash name:"AdRequest"  type:FaultCrash name:"6"  type:FaultCrash name:"7"  type:FaultCrash name:"8"  type:FaultCrash name:"9" ]} Get http://localhost: EOF
&{1 [0 1 2 4 5 6 8 9] [type:FaultCrash name:"GetSupportedCurrenciesRequest"  type:FaultCrash name:"CurrencyConversionRequest"  type:FaultCrash name:"ListProductsRequest"  type:FaultCrash name:"AdRequest"  type:FaultCrash name:"5"  type:FaultCrash name:"6"  type:FaultCrash name:"8"  type:FaultCrash name:"9" ]} Get http://localhost: EOF
&{1 [0 1 2 4 5 6 7 9] [type:FaultCrash name:"GetSupportedCurrenciesRequest"  type:FaultCrash name:"CurrencyConversionRequest"  type:FaultCrash name:"ListProductsRequest"  type:FaultCrash name:"AdRequest"  type:FaultCrash name:"5"  type:FaultCrash name:"6"  type:FaultCrash name:"7"  type:FaultCrash name:"9" ]} Get http://localhost: EOF
&{1 [0 1 2 4 5 7 8 9] [type:FaultCrash name:"GetSupportedCurrenciesRequest"  type:FaultCrash name:"CurrencyConversionRequest"  type:FaultCrash name:"ListProductsRequest"  type:FaultCrash name:"AdRequest"  type:FaultCrash name:"5"  type:FaultCrash name:"7"  type:FaultCrash name:"8"  type:FaultCrash name:"9" ]} Get http://localhost: EOF
&{1 [0 1 3 4 5 6 7 8] [type:FaultCrash name:"GetSupportedCurrenciesRequest"  type:FaultCrash name:"CurrencyConversionRequest"  type:FaultCrash name:"GetCartRequest"  type:FaultCrash name:"AdRequest"  type:FaultCrash name:"5"  type:FaultCrash name:"6"  type:FaultCrash name:"7"  type:FaultCrash name:"8" ]} Get http://localhost: EOF
&{1 [0 1 3 4 5 7 8 9] [type:FaultCrash name:"GetSupportedCurrenciesRequest"  type:FaultCrash name:"CurrencyConversionRequest"  type:FaultCrash name:"GetCartRequest"  type:FaultCrash name:"AdRequest"  type:FaultCrash name:"5"  type:FaultCrash name:"7"  type:FaultCrash name:"8"  type:FaultCrash name:"9" ]} Get http://localhost: EOF
&{1 [0 1 3 4 5 6 8 9] [type:FaultCrash name:"GetSupportedCurrenciesRequest"  type:FaultCrash name:"CurrencyConversionRequest"  type:FaultCrash name:"GetCartRequest"  type:FaultCrash name:"AdRequest"  type:FaultCrash name:"5"  type:FaultCrash name:"6"  type:FaultCrash name:"8"  type:FaultCrash name:"9" ]} Get http://localhost: EOF
&{1 [0 1 3 4 5 6 7 9] [type:FaultCrash name:"GetSupportedCurrenciesRequest"  type:FaultCrash name:"CurrencyConversionRequest"  type:FaultCrash name:"GetCartRequest"  type:FaultCrash name:"AdRequest"  type:FaultCrash name:"5"  type:FaultCrash name:"6"  type:FaultCrash name:"7"  type:FaultCrash name:"9" ]} Get http://localhost: EOF
&{1 [0 1 3 4 6 7 8 9] [type:FaultCrash name:"GetSupportedCurrenciesRequest"  type:FaultCrash name:"CurrencyConversionRequest"  type:FaultCrash name:"GetCartRequest"  type:FaultCrash name:"AdRequest"  type:FaultCrash name:"6"  type:FaultCrash name:"7"  type:FaultCrash name:"8"  type:FaultCrash name:"9" ]} Get http://localhost: EOF
&{1 [0 1 4 5 6 7 8 9] [type:FaultCrash name:"GetSupportedCurrenciesRequest"  type:FaultCrash name:"CurrencyConversionRequest"  type:FaultCrash name:"AdRequest"  type:FaultCrash name:"5"  type:FaultCrash name:"6"  type:FaultCrash name:"7"  type:FaultCrash name:"8"  type:FaultCrash name:"9" ]} Get http://localhost: EOF
&{1 [0 1 2 3 4 5 6 7 8] [type:FaultCrash name:"GetSupportedCurrenciesRequest"  type:FaultCrash name:"CurrencyConversionRequest"  type:FaultCrash name:"ListProductsRequest"  type:FaultCrash name:"GetCartRequest"  type:FaultCrash name:"AdRequest"  type:FaultCrash name:"5"  type:FaultCrash name:"6"  type:FaultCrash name:"7"  type:FaultCrash name:"8" ]} Get http://localhost: EOF
&{1 [0 1 2 3 4 5 6 7 9] [type:FaultCrash name:"GetSupportedCurrenciesRequest"  type:FaultCrash name:"CurrencyConversionRequest"  type:FaultCrash name:"ListProductsRequest"  type:FaultCrash name:"GetCartRequest"  type:FaultCrash name:"AdRequest"  type:FaultCrash name:"5"  type:FaultCrash name:"6"  type:FaultCrash name:"7"  type:FaultCrash name:"9" ]} Get http://localhost: EOF
&{1 [0 1 2 3 4 5 6 8 9] [type:FaultCrash name:"GetSupportedCurrenciesRequest"  type:FaultCrash name:"CurrencyConversionRequest"  type:FaultCrash name:"ListProductsRequest"  type:FaultCrash name:"GetCartRequest"  type:FaultCrash name:"AdRequest"  type:FaultCrash name:"5"  type:FaultCrash name:"6"  type:FaultCrash name:"8"  type:FaultCrash name:"9" ]} Get http://localhost: EOF
&{1 [0 1 2 3 4 6 7 8 9] [type:FaultCrash name:"GetSupportedCurrenciesRequest"  type:FaultCrash name:"CurrencyConversionRequest"  type:FaultCrash name:"ListProductsRequest"  type:FaultCrash name:"GetCartRequest"  type:FaultCrash name:"AdRequest"  type:FaultCrash name:"6"  type:FaultCrash name:"7"  type:FaultCrash name:"8"  type:FaultCrash name:"9" ]} Get http://localhost: EOF
&{1 [0 1 2 3 4 5 7 8 9] [type:FaultCrash name:"GetSupportedCurrenciesRequest"  type:FaultCrash name:"CurrencyConversionRequest"  type:FaultCrash name:"ListProductsRequest"  type:FaultCrash name:"GetCartRequest"  type:FaultCrash name:"AdRequest"  type:FaultCrash name:"5"  type:FaultCrash name:"7"  type:FaultCrash name:"8"  type:FaultCrash name:"9" ]} Get http://localhost: EOF
&{1 [0 1 2 4 5 6 7 8 9] [type:FaultCrash name:"CurrencyConversionRequest"  type:FaultCrash name:"GetSupportedCurrenciesRequest"  type:FaultCrash name:"ListProductsRequest"  type:FaultCrash name:"AdRequest"  type:FaultCrash name:"5"  type:FaultCrash name:"6"  type:FaultCrash name:"7"  type:FaultCrash name:"8"  type:FaultCrash name:"9" ]} Get http://localhost: EOF
&{1 [0 1 3 4 5 6 7 8 9] [type:FaultCrash name:"CurrencyConversionRequest"  type:FaultCrash name:"GetSupportedCurrenciesRequest"  type:FaultCrash name:"GetCartRequest"  type:FaultCrash name:"AdRequest"  type:FaultCrash name:"5"  type:FaultCrash name:"6"  type:FaultCrash name:"7"  type:FaultCrash name:"8"  type:FaultCrash name:"9" ]} Get http://localhost: EOF
&{1 [0 1 2 3 4 5 6 7 8 9] [type:FaultCrash name:"GetSupportedCurrenciesRequest"  type:FaultCrash name:"CurrencyConversionRequest"  type:FaultCrash name:"ListProductsRequest"  type:FaultCrash name:"GetCartRequest"  type:FaultCrash name:"AdRequest"  type:FaultCrash name:"5"  type:FaultCrash name:"6"  type:FaultCrash name:"7"  type:FaultCrash name:"8"  type:FaultCrash name:"9" ]} Get http://localhost: EOF
